d:\visulastudiosource\source\repos\nerworklab5\nerworklab5\x64\debug\vc143.pdb
d:\visulastudiosource\source\repos\nerworklab5\nerworklab5\x64\debug\vc143.idb
d:\visulastudiosource\source\repos\nerworklab5\nerworklab5\x64\debug\socks5server.obj
d:\visulastudiosource\source\repos\nerworklab5\nerworklab5\x64\debug\main.obj
d:\visulastudiosource\source\repos\nerworklab5\nerworklab5\x64\debug\session.obj
d:\visulastudiosource\source\repos\nerworklab5\nerworklab5\x64\debug\socketwrapper.obj
d:\visulastudiosource\source\repos\nerworklab5\nerworklab5\x64\debug\nerworklab5.ilk
d:\visulastudiosource\source\repos\nerworklab5\x64\debug\nerworklab5.exe
d:\visulastudiosource\source\repos\nerworklab5\x64\debug\nerworklab5.pdb
d:\visulastudiosource\source\git\networklab5\nerworklab5\x64\debug\main.obj
d:\visulastudiosource\source\git\networklab5\nerworklab5\x64\debug\session.obj
d:\visulastudiosource\source\git\networklab5\nerworklab5\x64\debug\socketwrapper.obj
d:\visulastudiosource\source\git\networklab5\nerworklab5\x64\debug\socks5server.obj
d:\visulastudiosource\source\git\networklab5\nerworklab5\x64\debug\nerworklab5.ilk
d:\visulastudiosource\source\git\networklab5\nerworklab5\x64\debug\vc143.idb
d:\visulastudiosource\source\git\networklab5\nerworklab5\x64\debug\vc143.pdb
d:\visulastudiosource\source\git\networklab5\x64\debug\nerworklab5.pdb
d:\visulastudiosource\source\git\networklab5\x64\debug\nerworklab5.exe
d:\visulastudiosource\source\git\networklab5\nerworklab5\x64\debug\nerworklab5.tlog\cl.command.1.tlog
d:\visulastudiosource\source\git\networklab5\nerworklab5\x64\debug\nerworklab5.tlog\cl.items.tlog
d:\visulastudiosource\source\git\networklab5\nerworklab5\x64\debug\nerworklab5.tlog\cl.read.1.tlog
d:\visulastudiosource\source\git\networklab5\nerworklab5\x64\debug\nerworklab5.tlog\cl.write.1.tlog
d:\visulastudiosource\source\git\networklab5\nerworklab5\x64\debug\nerworklab5.tlog\link.command.1.tlog
d:\visulastudiosource\source\git\networklab5\nerworklab5\x64\debug\nerworklab5.tlog\link.read.1.tlog
d:\visulastudiosource\source\git\networklab5\nerworklab5\x64\debug\nerworklab5.tlog\link.write.1.tlog
