c:\users\stuba\git_progect\networklab3\networklab3\x64\debug\vc143.pdb
c:\users\stuba\git_progect\networklab3\networklab3\x64\debug\.netframework,version=v4.7.2.assemblyattributes.obj
c:\users\stuba\git_progect\networklab3\networklab3\x64\debug\utils.obj
c:\users\stuba\git_progect\networklab3\networklab3\x64\debug\processcompletablefutures.obj
c:\users\stuba\git_progect\networklab3\networklab3\x64\debug\presenter.obj
c:\users\stuba\git_progect\networklab3\networklab3\x64\debug\mainform.obj
c:\users\stuba\git_progect\networklab3\networklab3\x64\debug\form.obj
c:\users\stuba\git_progect\networklab3\networklab3\x64\debug\placesmodel.obj
c:\users\stuba\git_progect\networklab3\networklab3\x64\debug\placesapi.obj
c:\users\stuba\git_progect\networklab3\x64\debug\networklab3.exe
c:\users\stuba\git_progect\networklab3\x64\debug\networklab3.pdb
c:\users\stuba\git_progect\networklab3\x64\debug\libcurl-d.dll
c:\users\stuba\git_progect\networklab3\x64\debug\zlibd1.dll
c:\users\stuba\git_progect\networklab3\networklab3\x64\debug\networklab3.res
c:\users\stuba\git_progect\networklab3\networklab3\x64\debug\places.obj
c:\users\stuba\git_progect\networklab3\networklab3\x64\debug\networklab3.tlog\cl.command.1.tlog
c:\users\stuba\git_progect\networklab3\networklab3\x64\debug\networklab3.tlog\cl.items.tlog
c:\users\stuba\git_progect\networklab3\networklab3\x64\debug\networklab3.tlog\cl.read.1.tlog
c:\users\stuba\git_progect\networklab3\networklab3\x64\debug\networklab3.tlog\cl.write.1.tlog
c:\users\stuba\git_progect\networklab3\networklab3\x64\debug\networklab3.tlog\link.command.1.tlog
c:\users\stuba\git_progect\networklab3\networklab3\x64\debug\networklab3.tlog\link.read.1.tlog
c:\users\stuba\git_progect\networklab3\networklab3\x64\debug\networklab3.tlog\link.write.1.tlog
c:\users\stuba\git_progect\networklab3\networklab3\x64\debug\networklab3.tlog\metagen.read.1.tlog
c:\users\stuba\git_progect\networklab3\networklab3\x64\debug\networklab3.tlog\metagen.write.1.tlog
c:\users\stuba\git_progect\networklab3\networklab3\x64\debug\networklab3.tlog\networklab3.write.1u.tlog
c:\users\stuba\git_progect\networklab3\networklab3\x64\debug\networklab3.tlog\rc.command.1.tlog
c:\users\stuba\git_progect\networklab3\networklab3\x64\debug\networklab3.tlog\rc.read.1.tlog
c:\users\stuba\git_progect\networklab3\networklab3\x64\debug\networklab3.tlog\rc.write.1.tlog
c:\users\stuba\git_progect\networklab3\networklab3\x64\debug\networklab3.tlog\resgen.command.1.tlog
c:\users\stuba\git_progect\networklab3\networklab3\x64\debug\networklab3.tlog\resgen.read.1.tlog
c:\users\stuba\git_progect\networklab3\networklab3\x64\debug\networklab3.tlog\resgen.write.1.tlog
